#
# There is insufficient memory for the Java Runtime Environment to continue.
# Native memory allocation (malloc) failed to allocate 447536 bytes for Chunk::new
# Possible reasons:
#   The system is out of physical RAM or swap space
#   In 32 bit mode, the process size limit was hit
# Possible solutions:
#   Reduce memory load on the system
#   Increase physical memory or swap space
#   Check if swap backing store is full
#   Use 64 bit Java on a 64 bit OS
#   Decrease Java heap size (-Xmx/-Xms)
#   Decrease number of Java threads
#   Decrease Java thread stack sizes (-Xss)
#   Set larger code cache with -XX:ReservedCodeCacheSize=
# This output file may be truncated or incomplete.
#
#  Out of Memory Error (allocation.cpp:390), pid=10856, tid=0x00000000000025b0
#
# JRE version: OpenJDK Runtime Environment (8.0) (build 1.8.0-adoptopenjdk-_2018_05_19_00_59-b00)
# Java VM: OpenJDK 64-Bit Server VM (25.71-b00 mixed mode windows-amd64 compressed oops)
# Failed to write core dump. Minidumps are not enabled by default on client versions of Windows
#

---------------  T H R E A D  ---------------

Current thread (0x000000001420e800):  JavaThread "C2 CompilerThread0" daemon [_thread_in_native, id=9648, stack(0x0000000015880000,0x0000000015980000)]

Stack: [0x0000000015880000,0x0000000015980000]
[error occurred during error reporting (printing stack bounds), id 0xc0000005]

Native frames: (J=compiled Java code, j=interpreted, Vv=VM code, C=native code)


Current CompileTask:
C2:  14708 1331       4       java.io.WinNTFileSystem::normalize (231 bytes)


---------------  P R O C E S S  ---------------

Java Threads: ( => current thread )
  0x000000001426e800 JavaThread "Service Thread" daemon [_thread_blocked, id=3488, stack(0x0000000015f80000,0x0000000016080000)]
  0x000000001421c000 JavaThread "C1 CompilerThread2" daemon [_thread_blocked, id=3972, stack(0x0000000015a80000,0x0000000015b80000)]
  0x0000000014216800 JavaThread "C2 CompilerThread1" daemon [_thread_blocked, id=9160, stack(0x0000000015980000,0x0000000015a80000)]
=>0x000000001420e800 JavaThread "C2 CompilerThread0" daemon [_thread_in_native, id=9648, stack(0x0000000015880000,0x0000000015980000)]
  0x000000001420d800 JavaThread "Attach Listener" daemon [_thread_blocked, id=5704, stack(0x0000000015780000,0x0000000015880000)]
  0x000000001420c800 JavaThread "Signal Dispatcher" daemon [_thread_blocked, id=1724, stack(0x0000000015680000,0x0000000015780000)]
  0x00000000141fe000 JavaThread "Finalizer" daemon [_thread_blocked, id=9464, stack(0x0000000015470000,0x0000000015570000)]
  0x00000000030e4800 JavaThread "Reference Handler" daemon [_thread_blocked, id=6020, stack(0x0000000015370000,0x0000000015470000)]
  0x0000000002ff3800 JavaThread "main" [_thread_in_native, id=11140, stack(0x0000000002df0000,0x0000000002ef0000)]

Other Threads:
  0x00000000141d6000 VMThread [stack: 0x0000000015270000,0x0000000015370000] [id=1172]
  0x0000000015bb9000 WatcherThread [stack: 0x0000000016080000,0x0000000016180000] [id=7848]

VM state:not at safepoint (normal execution)

VM Mutex/Monitor currently owned by a thread: None

Heap:
 PSYoungGen      total 9216K, used 2454K [0x00000000f6200000, 0x00000000f6c00000, 0x0000000100000000)
  eden space 8192K, 17% used [0x00000000f6200000,0x00000000f63689b8,0x00000000f6a00000)
  from space 1024K, 98% used [0x00000000f6a00000,0x00000000f6afcf10,0x00000000f6b00000)
  to   space 1024K, 0% used [0x00000000f6b00000,0x00000000f6b00000,0x00000000f6c00000)
 ParOldGen       total 20480K, used 4106K [0x00000000e2600000, 0x00000000e3a00000, 0x00000000f6200000)
  object space 20480K, 20% used [0x00000000e2600000,0x00000000e2a02bc8,0x00000000e3a00000)
 Metaspace       used 12638K, capacity 12950K, committed 13184K, reserved 1060864K
  class space    used 1498K, capacity 1605K, committed 1664K, reserved 1048576K

Card table byte_map: [0x0000000002ef0000,0x0000000002fe0000] byte_map_base: 0x00000000027dd000

Marking Bits: (ParMarkBitMap*) 0x000000005ea7be50
 Begin Bits: [0x00000000128b0000, 0x0000000013018000)
 End Bits:   [0x0000000013018000, 0x0000000013780000)

Polling page: 0x0000000000f70000

CodeCache: size=245760Kb used=4638Kb max_used=4645Kb free=241121Kb
 bounds [0x00000000030f0000, 0x0000000003580000, 0x00000000120f0000]
 total_blobs=1757 nmethods=1400 adapters=271
 compilation: enabled

Compilation events (10 events):
Event: 14.592 Thread 0x000000001421c000 1388       3       com.sun.org.apache.xerces.internal.impl.xpath.regex.RegularExpression$ClosureContext::addOffset (38 bytes)
Event: 14.593 Thread 0x000000001421c000 nmethod 1388 0x0000000003564750 code [0x00000000035648c0, 0x0000000003564c68]
Event: 14.593 Thread 0x000000001421c000 1386       3       org.xml.sax.helpers.AttributesImpl::getLocalName (25 bytes)
Event: 14.594 Thread 0x000000001421c000 nmethod 1386 0x000000000356fdd0 code [0x000000000356ff40, 0x0000000003570150]
Event: 14.595 Thread 0x000000001421c000 1390   !   3       sun.net.www.protocol.jar.JarFileFactory::getConnection (40 bytes)
Event: 14.597 Thread 0x000000001421c000 nmethod 1390 0x0000000003570250 code [0x0000000003570420, 0x0000000003570d88]
Event: 14.599 Thread 0x000000001421c000 1392       3       com.sun.org.apache.xerces.internal.impl.xs.XMLSchemaValidator::getPropertyDefault (36 bytes)
Event: 14.600 Thread 0x000000001421c000 nmethod 1392 0x0000000003571190 code [0x0000000003571320, 0x0000000003571688]
Event: 14.601 Thread 0x000000001421c000 1393       3       com.sun.org.apache.xerces.internal.utils.XMLSecurityPropertyManager::getValue (10 bytes)
Event: 14.601 Thread 0x000000001421c000 nmethod 1393 0x0000000003571810 code [0x0000000003571980, 0x0000000003571b90]

GC Heap History (9 events):
Event: 7.007 GC heap before
{Heap before GC invocations=1 (full 0):
 PSYoungGen      total 9216K, used 8192K [0x00000000f6200000, 0x00000000f6c00000, 0x0000000100000000)
  eden space 8192K, 100% used [0x00000000f6200000,0x00000000f6a00000,0x00000000f6a00000)
  from space 1024K, 0% used [0x00000000f6b00000,0x00000000f6b00000,0x00000000f6c00000)
  to   space 1024K, 0% used [0x00000000f6a00000,0x00000000f6a00000,0x00000000f6b00000)
 ParOldGen       total 20480K, used 0K [0x00000000e2600000, 0x00000000e3a00000, 0x00000000f6200000)
  object space 20480K, 0% used [0x00000000e2600000,0x00000000e2600000,0x00000000e3a00000)
 Metaspace       used 5892K, capacity 6122K, committed 6144K, reserved 1056768K
  class space    used 688K, capacity 765K, committed 768K, reserved 1048576K
Event: 7.062 GC heap after
Heap after GC invocations=1 (full 0):
 PSYoungGen      total 9216K, used 1024K [0x00000000f6200000, 0x00000000f6c00000, 0x0000000100000000)
  eden space 8192K, 0% used [0x00000000f6200000,0x00000000f6200000,0x00000000f6a00000)
  from space 1024K, 100% used [0x00000000f6a00000,0x00000000f6b00000,0x00000000f6b00000)
  to   space 1024K, 0% used [0x00000000f6b00000,0x00000000f6b00000,0x00000000f6c00000)
 ParOldGen       total 20480K, used 1033K [0x00000000e2600000, 0x00000000e3a00000, 0x00000000f6200000)
  object space 20480K, 5% used [0x00000000e2600000,0x00000000e2702598,0x00000000e3a00000)
 Metaspace       used 5892K, capacity 6122K, committed 6144K, reserved 1056768K
  class space    used 688K, capacity 765K, committed 768K, reserved 1048576K
}
Event: 13.394 GC heap before
{Heap before GC invocations=2 (full 0):
 PSYoungGen      total 9216K, used 9206K [0x00000000f6200000, 0x00000000f6c00000, 0x0000000100000000)
  eden space 8192K, 99% used [0x00000000f6200000,0x00000000f69fd960,0x00000000f6a00000)
  from space 1024K, 100% used [0x00000000f6a00000,0x00000000f6b00000,0x00000000f6b00000)
  to   space 1024K, 0% used [0x00000000f6b00000,0x00000000f6b00000,0x00000000f6c00000)
 ParOldGen       total 20480K, used 1033K [0x00000000e2600000, 0x00000000e3a00000, 0x00000000f6200000)
  object space 20480K, 5% used [0x00000000e2600000,0x00000000e2702598,0x00000000e3a00000)
 Metaspace       used 12256K, capacity 12538K, committed 12928K, reserved 1060864K
  class space    used 1485K, capacity 1563K, committed 1664K, reserved 1048576K
Event: 13.407 GC heap after
Heap after GC invocations=2 (full 0):
 PSYoungGen      total 9216K, used 1010K [0x00000000f6200000, 0x00000000f6c00000, 0x0000000100000000)
  eden space 8192K, 0% used [0x00000000f6200000,0x00000000f6200000,0x00000000f6a00000)
  from space 1024K, 98% used [0x00000000f6b00000,0x00000000f6bfc948,0x00000000f6c00000)
  to   space 1024K, 0% used [0x00000000f6a00000,0x00000000f6a00000,0x00000000f6b00000)
 ParOldGen       total 20480K, used 2632K [0x00000000e2600000, 0x00000000e3a00000, 0x00000000f6200000)
  object space 20480K, 12% used [0x00000000e2600000,0x00000000e2892260,0x00000000e3a00000)
 Metaspace       used 12256K, capacity 12538K, committed 12928K, reserved 1060864K
  class space    used 1485K, capacity 1563K, committed 1664K, reserved 1048576K
}
Event: 14.057 GC heap before
{Heap before GC invocations=3 (full 0):
 PSYoungGen      total 9216K, used 9202K [0x00000000f6200000, 0x00000000f6c00000, 0x0000000100000000)
  eden space 8192K, 100% used [0x00000000f6200000,0x00000000f6a00000,0x00000000f6a00000)
  from space 1024K, 98% used [0x00000000f6b00000,0x00000000f6bfc948,0x00000000f6c00000)
  to   space 1024K, 0% used [0x00000000f6a00000,0x00000000f6a00000,0x00000000f6b00000)
 ParOldGen       total 20480K, used 2632K [0x00000000e2600000, 0x00000000e3a00000, 0x00000000f6200000)
  object space 20480K, 12% used [0x00000000e2600000,0x00000000e2892260,0x00000000e3a00000)
 Metaspace       used 12436K, capacity 12698K, committed 12928K, reserved 1060864K
  class space    used 1492K, capacity 1595K, committed 1664K, reserved 1048576K
Event: 14.066 GC heap after
Heap after GC invocations=3 (full 0):
 PSYoungGen      total 9216K, used 995K [0x00000000f6200000, 0x00000000f6c00000, 0x0000000100000000)
  eden space 8192K, 0% used [0x00000000f6200000,0x00000000f6200000,0x00000000f6a00000)
  from space 1024K, 97% used [0x00000000f6a00000,0x00000000f6af8f20,0x00000000f6b00000)
  to   space 1024K, 0% used [0x00000000f6b00000,0x00000000f6b00000,0x00000000f6c00000)
 ParOldGen       total 20480K, used 3301K [0x00000000e2600000, 0x00000000e3a00000, 0x00000000f6200000)
  object space 20480K, 16% used [0x00000000e2600000,0x00000000e29397c8,0x00000000e3a00000)
 Metaspace       used 12436K, capacity 12698K, committed 12928K, reserved 1060864K
  class space    used 1492K, capacity 1595K, committed 1664K, reserved 1048576K
}
Event: 14.409 GC heap before
{Heap before GC invocations=4 (full 0):
 PSYoungGen      total 9216K, used 9187K [0x00000000f6200000, 0x00000000f6c00000, 0x0000000100000000)
  eden space 8192K, 100% used [0x00000000f6200000,0x00000000f6a00000,0x00000000f6a00000)
  from space 1024K, 97% used [0x00000000f6a00000,0x00000000f6af8f20,0x00000000f6b00000)
  to   space 1024K, 0% used [0x00000000f6b00000,0x00000000f6b00000,0x00000000f6c00000)
 ParOldGen       total 20480K, used 3301K [0x00000000e2600000, 0x00000000e3a00000, 0x00000000f6200000)
  object space 20480K, 16% used [0x00000000e2600000,0x00000000e29397c8,0x00000000e3a00000)
 Metaspace       used 12550K, capacity 12868K, committed 13184K, reserved 1060864K
  class space    used 1496K, capacity 1602K, committed 1664K, reserved 1048576K
Event: 14.414 GC heap after
Heap after GC invocations=4 (full 0):
 PSYoungGen      total 9216K, used 993K [0x00000000f6200000, 0x00000000f6c00000, 0x0000000100000000)
  eden space 8192K, 0% used [0x00000000f6200000,0x00000000f6200000,0x00000000f6a00000)
  from space 1024K, 96% used [0x00000000f6b00000,0x00000000f6bf8490,0x00000000f6c00000)
  to   space 1024K, 0% used [0x00000000f6a00000,0x00000000f6a00000,0x00000000f6b00000)
 ParOldGen       total 20480K, used 3670K [0x00000000e2600000, 0x00000000e3a00000, 0x00000000f6200000)
  object space 20480K, 17% used [0x00000000e2600000,0x00000000e2995a30,0x00000000e3a00000)
 Metaspace       used 12550K, capacity 12868K, committed 13184K, reserved 1060864K
  class space    used 1496K, capacity 1602K, committed 1664K, reserved 1048576K
}
Event: 14.614 GC heap before
{Heap before GC invocations=5 (full 0):
 PSYoungGen      total 9216K, used 9185K [0x00000000f6200000, 0x00000000f6c00000, 0x0000000100000000)
  eden space 8192K, 100% used [0x00000000f6200000,0x00000000f6a00000,0x00000000f6a00000)
  from space 1024K, 96% used [0x00000000f6b00000,0x00000000f6bf8490,0x00000000f6c00000)
  to   space 1024K, 0% used [0x00000000f6a00000,0x00000000f6a00000,0x00000000f6b00000)
 ParOldGen       total 20480K, used 3670K [0x00000000e2600000, 0x00000000e3a00000, 0x00000000f6200000)
  object space 20480K, 17% used [0x00000000e2600000,0x00000000e2995a30,0x00000000e3a00000)
 Metaspace       used 12614K, capacity 12950K, committed 13184K, reserved 1060864K
  class space    used 1498K, capacity 1605K, committed 1664K, reserved 1048576K

Deoptimization events (10 events):
Event: 13.384 Thread 0x0000000002ff3800 Uncommon trap: reason=class_check action=maybe_recompile pc=0x0000000003436628 method=java.util.regex.Pattern$GroupHead.match(Ljava/util/regex/Matcher;ILjava/lang/CharSequence;)Z @ 28
Event: 13.385 Thread 0x0000000002ff3800 Uncommon trap: reason=class_check action=maybe_recompile pc=0x0000000003436628 method=java.util.regex.Pattern$GroupHead.match(Ljava/util/regex/Matcher;ILjava/lang/CharSequence;)Z @ 28
Event: 13.385 Thread 0x0000000002ff3800 Uncommon trap: reason=class_check action=maybe_recompile pc=0x0000000003436628 method=java.util.regex.Pattern$GroupHead.match(Ljava/util/regex/Matcher;ILjava/lang/CharSequence;)Z @ 28
Event: 13.385 Thread 0x0000000002ff3800 Uncommon trap: reason=class_check action=maybe_recompile pc=0x0000000003436628 method=java.util.regex.Pattern$GroupHead.match(Ljava/util/regex/Matcher;ILjava/lang/CharSequence;)Z @ 28
Event: 13.569 Thread 0x0000000002ff3800 Uncommon trap: reason=unstable_if action=reinterpret pc=0x000000000345b83c method=java.util.regex.Matcher.search(I)Z @ 30
Event: 13.570 Thread 0x0000000002ff3800 Uncommon trap: reason=unstable_if action=reinterpret pc=0x00000000034590e4 method=java.util.regex.Pattern$Start.match(Ljava/util/regex/Matcher;ILjava/lang/CharSequence;)Z @ 10
Event: 13.672 Thread 0x0000000002ff3800 Uncommon trap: reason=bimorphic action=maybe_recompile pc=0x00000000034646f8 method=java.util.regex.Pattern$Curly.match0(Ljava/util/regex/Matcher;IILjava/lang/CharSequence;)Z @ 31
Event: 13.673 Thread 0x0000000002ff3800 Uncommon trap: reason=bimorphic action=maybe_recompile pc=0x00000000034646f8 method=java.util.regex.Pattern$Curly.match0(Ljava/util/regex/Matcher;IILjava/lang/CharSequence;)Z @ 31
Event: 13.673 Thread 0x0000000002ff3800 Uncommon trap: reason=bimorphic action=maybe_recompile pc=0x00000000034646f8 method=java.util.regex.Pattern$Curly.match0(Ljava/util/regex/Matcher;IILjava/lang/CharSequence;)Z @ 31
Event: 13.673 Thread 0x0000000002ff3800 Uncommon trap: reason=bimorphic action=maybe_recompile pc=0x00000000034646f8 method=java.util.regex.Pattern$Curly.match0(Ljava/util/regex/Matcher;IILjava/lang/CharSequence;)Z @ 31

Classes redefined (0 events):
No events

Internal exceptions (10 events):
Event: 10.769 Thread 0x0000000002ff3800 Exception <a 'java/lang/ClassNotFoundException': com/sun/org/glassfish/hk2/osgiresourcelocator/ServiceLoader> (0x00000000f631c290) thrown at [C:\Users\jenkins\workspace\openjdk8_build_x86-64_windows\openjdk\hotspot\src\share\vm\classfile\systemDictionary.
Event: 10.843 Thread 0x0000000002ff3800 Exception <a 'java/lang/NullPointerException'> (0x00000000f6333098) thrown at [C:\Users\jenkins\workspace\openjdk8_build_x86-64_windows\openjdk\hotspot\src\share\vm\interpreter\linkResolver.cpp, line 1287]
Event: 11.290 Thread 0x0000000002ff3800 Exception <a 'java/lang/ArrayIndexOutOfBoundsException'> (0x00000000f63e8828) thrown at [C:\Users\jenkins\workspace\openjdk8_build_x86-64_windows\openjdk\hotspot\src\share\vm\runtime\sharedRuntime.cpp, line 605]
Event: 11.291 Thread 0x0000000002ff3800 Exception <a 'java/lang/ArrayIndexOutOfBoundsException'> (0x00000000f63e9de0) thrown at [C:\Users\jenkins\workspace\openjdk8_build_x86-64_windows\openjdk\hotspot\src\share\vm\runtime\sharedRuntime.cpp, line 605]
Event: 11.303 Thread 0x0000000002ff3800 Exception <a 'java/lang/ArrayIndexOutOfBoundsException'> (0x00000000f63eb420) thrown at [C:\Users\jenkins\workspace\openjdk8_build_x86-64_windows\openjdk\hotspot\src\share\vm\runtime\sharedRuntime.cpp, line 605]
Event: 11.316 Thread 0x0000000002ff3800 Exception <a 'java/lang/ArrayIndexOutOfBoundsException'> (0x00000000f6401450) thrown at [C:\Users\jenkins\workspace\openjdk8_build_x86-64_windows\openjdk\hotspot\src\share\vm\runtime\sharedRuntime.cpp, line 605]
Event: 11.466 Thread 0x0000000002ff3800 Exception <a 'java/lang/ArrayIndexOutOfBoundsException': 67> (0x00000000f647ad60) thrown at [C:\Users\jenkins\workspace\openjdk8_build_x86-64_windows\openjdk\hotspot\src\share\vm\interpreter\interpreterRuntime.cpp, line 366]
Event: 11.467 Thread 0x0000000002ff3800 Exception <a 'java/lang/ArrayIndexOutOfBoundsException': 65> (0x00000000f647c268) thrown at [C:\Users\jenkins\workspace\openjdk8_build_x86-64_windows\openjdk\hotspot\src\share\vm\interpreter\interpreterRuntime.cpp, line 366]
Event: 12.345 Thread 0x0000000002ff3800 Implicit null exception at 0x0000000003334854 to 0x0000000003334bf1
Event: 12.970 Thread 0x0000000002ff3800 Implicit null exception at 0x0000000003321d56 to 0x00000000033220e5

Events (10 events):
Event: 14.415 Executing VM operation: RevokeBias done
Event: 14.420 Thread 0x0000000002ff3800 DEOPT PACKING pc=0x00000000034c5552 sp=0x0000000002eedc40
Event: 14.420 Thread 0x0000000002ff3800 DEOPT UNPACKING pc=0x00000000031371d0 sp=0x0000000002eed9d8 mode 0
Event: 14.465 Thread 0x0000000002ff3800 DEOPT PACKING pc=0x000000000323c60c sp=0x0000000002eed410
Event: 14.465 Thread 0x0000000002ff3800 DEOPT UNPACKING pc=0x00000000031371d0 sp=0x0000000002eed288 mode 0
Event: 14.484 Thread 0x0000000002ff3800 DEOPT PACKING pc=0x00000000034c5552 sp=0x0000000002eedbc0
Event: 14.484 Thread 0x0000000002ff3800 DEOPT UNPACKING pc=0x00000000031371d0 sp=0x0000000002eed948 mode 0
Event: 14.596 Thread 0x0000000002ff3800 DEOPT PACKING pc=0x000000000323c60c sp=0x0000000002eee0e0
Event: 14.596 Thread 0x0000000002ff3800 DEOPT UNPACKING pc=0x00000000031371d0 sp=0x0000000002eedf58 mode 0
Event: 14.614 Executing VM operation: ParallelGCFailedAllocation


Dynamic libraries:
0x00007ff6e0590000 - 0x00007ff6e05c5000 	D:\Unity\Editor\Data\PlaybackEngines\AndroidPlayer\Tools\OpenJDK\Windows\bin\java.exe
0x00007ffcc1dc0000 - 0x00007ffcc1fa1000 	C:\WINDOWS\SYSTEM32\ntdll.dll
0x00007ffcc1320000 - 0x00007ffcc13d1000 	C:\WINDOWS\System32\KERNEL32.DLL
0x00007ffcbed70000 - 0x00007ffcbefe3000 	C:\WINDOWS\System32\KERNELBASE.dll
0x00007ffcbf790000 - 0x00007ffcbf831000 	C:\WINDOWS\System32\ADVAPI32.dll
0x00007ffcbf6f0000 - 0x00007ffcbf78e000 	C:\WINDOWS\System32\msvcrt.dll
0x00007ffcbf690000 - 0x00007ffcbf6eb000 	C:\WINDOWS\System32\sechost.dll
0x00007ffcc1a50000 - 0x00007ffcc1b74000 	C:\WINDOWS\System32\RPCRT4.dll
0x00007ffcbfb60000 - 0x00007ffcbfcf0000 	C:\WINDOWS\System32\USER32.dll
0x00007ffcbe1d0000 - 0x00007ffcbe1f0000 	C:\WINDOWS\System32\win32u.dll
0x00007ffcc1c90000 - 0x00007ffcc1cb8000 	C:\WINDOWS\System32\GDI32.dll
0x00007ffcbead0000 - 0x00007ffcbec61000 	C:\WINDOWS\System32\gdi32full.dll
0x00007ffcbea30000 - 0x00007ffcbeacf000 	C:\WINDOWS\System32\msvcp_win.dll
0x00007ffcbec70000 - 0x00007ffcbed68000 	C:\WINDOWS\System32\ucrtbase.dll
0x00007ffcb1710000 - 0x00007ffcb1979000 	C:\WINDOWS\WinSxS\amd64_microsoft.windows.common-controls_6595b64144ccf1df_6.0.17134.1006_none_d3fbb8f77c940c3f\COMCTL32.dll
0x00007ffcc1550000 - 0x00007ffcc1871000 	C:\WINDOWS\System32\combase.dll
0x00007ffcbe9b0000 - 0x00007ffcbea29000 	C:\WINDOWS\System32\bcryptPrimitives.dll
0x00007ffcc18f0000 - 0x00007ffcc191d000 	C:\WINDOWS\System32\IMM32.DLL
0x000000005eb00000 - 0x000000005ebd2000 	D:\Unity\Editor\Data\PlaybackEngines\AndroidPlayer\Tools\OpenJDK\Windows\jre\bin\msvcr100.dll
0x000000005e2b0000 - 0x000000005eaf9000 	D:\Unity\Editor\Data\PlaybackEngines\AndroidPlayer\Tools\OpenJDK\Windows\jre\bin\server\jvm.dll
0x00007ffcc1940000 - 0x00007ffcc1948000 	C:\WINDOWS\System32\PSAPI.DLL
0x00007ffcad900000 - 0x00007ffcad90a000 	C:\WINDOWS\SYSTEM32\VERSION.dll
0x00007ffcbbee0000 - 0x00007ffcbbf03000 	C:\WINDOWS\SYSTEM32\WINMM.dll
0x00007ffcbc410000 - 0x00007ffcbc419000 	C:\WINDOWS\SYSTEM32\WSOCK32.dll
0x00007ffcc1880000 - 0x00007ffcc18ec000 	C:\WINDOWS\System32\WS2_32.dll
0x00007ffcbbeb0000 - 0x00007ffcbbeda000 	C:\WINDOWS\SYSTEM32\winmmbase.dll
0x00007ffcbe180000 - 0x00007ffcbe1c9000 	C:\WINDOWS\System32\cfgmgr32.dll
0x00007ffcbc2a0000 - 0x00007ffcbc2af000 	D:\Unity\Editor\Data\PlaybackEngines\AndroidPlayer\Tools\OpenJDK\Windows\jre\bin\verify.dll
0x00007ffcbbfd0000 - 0x00007ffcbbff9000 	D:\Unity\Editor\Data\PlaybackEngines\AndroidPlayer\Tools\OpenJDK\Windows\jre\bin\java.dll
0x00007ffcbbfb0000 - 0x00007ffcbbfc6000 	D:\Unity\Editor\Data\PlaybackEngines\AndroidPlayer\Tools\OpenJDK\Windows\jre\bin\zip.dll
0x00007ffcbfe70000 - 0x00007ffcc12b2000 	C:\WINDOWS\System32\SHELL32.dll
0x00007ffcc1b80000 - 0x00007ffcc1c29000 	C:\WINDOWS\System32\shcore.dll
0x00007ffcbe1f0000 - 0x00007ffcbe8fe000 	C:\WINDOWS\System32\windows.storage.dll
0x00007ffcc19f0000 - 0x00007ffcc1a41000 	C:\WINDOWS\System32\shlwapi.dll
0x00007ffcbe160000 - 0x00007ffcbe171000 	C:\WINDOWS\System32\kernel.appcore.dll
0x00007ffcbe130000 - 0x00007ffcbe14f000 	C:\WINDOWS\System32\profapi.dll
0x00007ffcbe0c0000 - 0x00007ffcbe10c000 	C:\WINDOWS\System32\powrprof.dll
0x00007ffcbe150000 - 0x00007ffcbe15a000 	C:\WINDOWS\System32\FLTLIB.DLL
0x00007ffcb6cc0000 - 0x00007ffcb6cda000 	D:\Unity\Editor\Data\PlaybackEngines\AndroidPlayer\Tools\OpenJDK\Windows\jre\bin\net.dll
0x00007ffcbd8e0000 - 0x00007ffcbd946000 	C:\WINDOWS\system32\mswsock.dll
0x00007ffcb6ca0000 - 0x00007ffcb6cb1000 	D:\Unity\Editor\Data\PlaybackEngines\AndroidPlayer\Tools\OpenJDK\Windows\jre\bin\nio.dll

VM Arguments:
jvm_args: -Dcom.android.sdkmanager.toolsdir=D:\Luana\sdk\android-sdk-windows\tools\bin\\.. 
java_command: com.android.sdklib.tool.AvdManagerCli list target -c
java_class_path (initial): D:\Luana\sdk\android-sdk-windows\tools\bin\..\lib\dvlib-26.0.0-dev.jar;D:\Luana\sdk\android-sdk-windows\tools\bin\..\lib\jimfs-1.1.jar;D:\Luana\sdk\android-sdk-windows\tools\bin\..\lib\jsr305-1.3.9.jar;D:\Luana\sdk\android-sdk-windows\tools\bin\..\lib\repository-26.0.0-dev.jar;D:\Luana\sdk\android-sdk-windows\tools\bin\..\lib\j2objc-annotations-1.1.jar;D:\Luana\sdk\android-sdk-windows\tools\bin\..\lib\layoutlib-api-26.0.0-dev.jar;D:\Luana\sdk\android-sdk-windows\tools\bin\..\lib\gson-2.3.jar;D:\Luana\sdk\android-sdk-windows\tools\bin\..\lib\httpcore-4.2.5.jar;D:\Luana\sdk\android-sdk-windows\tools\bin\..\lib\commons-logging-1.1.1.jar;D:\Luana\sdk\android-sdk-windows\tools\bin\..\lib\commons-compress-1.12.jar;D:\Luana\sdk\android-sdk-windows\tools\bin\..\lib\annotations-26.0.0-dev.jar;D:\Luana\sdk\android-sdk-windows\tools\bin\..\lib\error_prone_annotations-2.0.18.jar;D:\Luana\sdk\android-sdk-windows\tools\bin\..\lib\animal-sniffer-annotations-1.14.jar;D:\Luana\sdk\android-sdk-windows\tools\bin\..\lib\httpclient-4.2.6.jar;D:\Luana\sdk\android-sdk-windows\tools\bin\..\lib\commons-codec-1.6.jar;D:\Luana\sdk\android-sdk-windows\tools\bin\..\lib\common-26.0.0-dev.jar;D:\Luana\sdk\android-sdk-windows\tools\bin\..\lib\kxml2-2.3.0.jar;D:\Luana\sdk\android-sdk-windows\tools\bin\..\lib\httpmime-4.1.jar;D:\Luana\sdk\android-sdk-windows\tools\bin\..\lib\annotations-12.0.jar;D:\Luana\sdk\android-sdk-windows\tools\bin\..\lib\sdklib-26.0.0-dev.jar;D:\Luana\sdk\android-sdk-windows\tools\bin\..\lib\guava-22.0.jar
Launcher Type: SUN_STANDARD

Environment Variables:
JAVA_HOME=D:\Unity\Editor\Data\PlaybackEngines\AndroidPlayer/Tools\OpenJDK\Windows
CLASSPATH=D:\Luana\sdk\android-sdk-windows\tools\bin\..\lib\dvlib-26.0.0-dev.jar;D:\Luana\sdk\android-sdk-windows\tools\bin\..\lib\jimfs-1.1.jar;D:\Luana\sdk\android-sdk-windows\tools\bin\..\lib\jsr305-1.3.9.jar;D:\Luana\sdk\android-sdk-windows\tools\bin\..\lib\repository-26.0.0-dev.jar;D:\Luana\sdk\android-sdk-windows\tools\bin\..\lib\j2objc-annotations-1.1.jar;D:\Luana\sdk\android-sdk-windows\tools\bin\..\lib\layoutlib-api-26.0.0-dev.jar;D:\Luana\sdk\android-sdk-windows\tools\bin\..\lib\gson-2.3.jar;D:\Luana\sdk\android-sdk-windows\tools\bin\..\lib\httpcore-4.2.5.jar;D:\Luana\sdk\android-sdk-windows\tools\bin\..\lib\commons-logging-1.1.1.jar;D:\Luana\sdk\android-sdk-windows\tools\bin\..\lib\commons-compress-1.12.jar;D:\Luana\sdk\android-sdk-windows\tools\bin\..\lib\annotations-26.0.0-dev.jar;D:\Luana\sdk\android-sdk-windows\tools\bin\..\lib\error_prone_annotations-2.0.18.jar;D:\Luana\sdk\android-sdk-windows\tools\bin\..\lib\animal-sniffer-annotations-1.14.jar;D:\Luana\sdk\android-sdk-windows\tools\bin\..\lib\httpclient-4.2.6.jar;D:\Luana\sdk\android-sdk-windows\tools\bin\..\lib\commons-codec-1.6.jar;D:\Luana\sdk\android-sdk-windows\tools\bin\..\lib\common-26.0.0-dev.jar;D:\Luana\sdk\android-sdk-windows\tools\bin\..\lib\kxml2-2.3.0.jar;D:\Luana\sdk\android-sdk-windows\tools\bin\..\lib\httpmime-4.1.jar;D:\Luana\sdk\android-sdk-windows\tools\bin\..\lib\annotations-12.0.jar;D:\Luana\sdk\android-sdk-windows\tools\bin\..\lib\sdklib-26.0.0-dev.jar;D:\Luana\sdk\android-sdk-windows\tools\bin\..\lib\guava-22.0.jar
PATH=C:\WINDOWS\system32;C:\WINDOWS;C:\WINDOWS\System32\Wbem;C:\WINDOWS\System32\WindowsPowerShell\v1.0\;C:\WINDOWS\System32\OpenSSH\;C:\Users\Danielle\AppData\Local\Microsoft\WindowsApps;C:\Users\Danielle\AppData\Local\Programs\Microsoft VS Code\bin
USERNAME=Danielle
OS=Windows_NT
PROCESSOR_IDENTIFIER=Intel64 Family 6 Model 76 Stepping 3, GenuineIntel



---------------  S Y S T E M  ---------------

OS: Windows 10.0 , 64 bit Build 17134 (10.0.17134.753)

CPU:total 4 (initial active 4) (4 cores per cpu, 1 threads per core) family 6 model 76 stepping 3, cmov, cx8, fxsr, mmx, sse, sse2, sse3, ssse3, sse4.1, sse4.2, popcnt, aes, clmul, erms, 3dnowpref, tsc, tscinvbit

Memory: 4k page, physical 1937468k(356412k free), swap 5598716k(4k free)

vm_info: OpenJDK 64-Bit Server VM (25.71-b00) for windows-amd64 JRE (1.8.0-adoptopenjdk-_2018_05_19_00_59-b00), built on May 19 2018 01:02:12 by "jenkins" with MS VC++ 10.0 (VS2010)

time: Mon Mar 23 11:32:48 2020
elapsed time: 14 seconds (0d 0h 0m 14s)

